<?xml version="1.0" encoding="UTF-8"?>
<testsuite xmlns:xsi="http://www.w3.org/2001/XMLSchema-instance" xsi:noNamespaceSchemaLocation="https://maven.apache.org/surefire/maven-surefire-plugin/xsd/surefire-test-report-3.0.xsd" version="3.0" name="TestSuite" time="13.269" tests="8" errors="0" skipped="0" failures="4">
  <properties>
[...]
</properties>
  <testcase name="runScenario[&quot;UC-1 Test Login Form with Empty Credentials&quot;, &quot;Login Form Validation&quot;](1)" classname="testRunner.TestRunner" time="1.619">
    <failure message="Conversion = &apos;&apos;&apos;" type="java.util.UnknownFormatConversionException"><![CDATA[java.util.UnknownFormatConversionException: Conversion = '''
	at java.base/java.util.Formatter.parse(Formatter.java:2750)
	at java.base/java.util.Formatter.format(Formatter.java:2671)
	at java.base/java.util.Formatter.format(Formatter.java:2625)
	at java.base/java.lang.String.format(String.java:4143)
	at org.assertj.core.util.Strings.formatIfArgs(Strings.java:86)
	at org.assertj.core.description.TextDescription.value(TextDescription.java:51)
	at org.assertj.core.error.DescriptionFormatter.format(DescriptionFormatter.java:47)
	at org.assertj.core.error.MessageFormatter.format(MessageFormatter.java:61)
	at org.assertj.core.error.ShouldBeEqual.smartErrorMessage(ShouldBeEqual.java:169)
	at org.assertj.core.error.ShouldBeEqual.newAssertionError(ShouldBeEqual.java:117)
	at org.assertj.core.internal.Failures.failure(Failures.java:105)
	at org.assertj.core.internal.Objects.assertEqual(Objects.java:220)
	at org.assertj.core.api.AbstractAssert.isEqualTo(AbstractAssert.java:369)
	at org.assertj.core.api.AbstractStringAssert.isEqualTo(AbstractStringAssert.java:416)
	at stepdefinitions.LoginStepDefinitions.iShouldSeeAnErrorMessage(LoginStepDefinitions.java:38)
	at ✽.I should see an error message 'Username is required'(file:///E:/sam/finalTask/src/test/resources/features/first.feature:10)
]]></failure>
    <system-out><![CDATA[2024-08-18 17:18:19 INFO  Hooks:19 - Opening driver...
2024-08-18 17:18:20 INFO  WebDriverManager:1217 - Using chromedriver 127.0.6533.119 (resolved driver for Chrome 127)
2024-08-18 17:18:20 INFO  WebDriverManager:1270 - Exporting webdriver.chrome.driver as C:\Users\Aguka\.cache\selenium\chromedriver\win64\127.0.6533.119\chromedriver.exe

Scenario Outline: UC-1 Test Login Form with Empty Credentials &amp#27;[90m# src/test/resources/features/first.feature:14&amp#27;[0m
2024-08-18 17:18:23 INFO  LoginStepDefinitions:21 - Opening home page
  &amp#27;[32mGiven &amp#27;[0m&amp#27;[32mI am on the login page&amp#27;[0m                                &amp#27;[90m# stepdefinitions.LoginStepDefinitions.iAmOnTheLoginPage()&amp#27;[0m
2024-08-18 17:18:23 INFO  LoginStepDefinitions:58 - Filling input 'Name'
  &amp#27;[32mWhen &amp#27;[0m&amp#27;[32mI enter the user name &amp#27;[0m&amp#27;[32m&amp#27;[1m'standard_user1'&amp#27;[0m&amp#27;[32m field&amp#27;[0m           &amp#27;[90m# stepdefinitions.LoginStepDefinitions.iEnterTheUsernameField(java.lang.String)&amp#27;[0m
2024-08-18 17:18:24 INFO  LoginStepDefinitions:64 - Filling input 'Password'
  &amp#27;[32mAnd &amp#27;[0m&amp#27;[32mI enter the password &amp#27;[0m&amp#27;[32m&amp#27;[1m'secret_sauce'&amp#27;[0m                     &amp#27;[90m# stepdefinitions.LoginStepDefinitions.iEnterPassword(java.lang.String)&amp#27;[0m
2024-08-18 17:18:24 INFO  LoginStepDefinitions:70 - Clearing input 'Name'
  &amp#27;[32mAnd &amp#27;[0m&amp#27;[32mI clear the Name input&amp#27;[0m                                  &amp#27;[90m# stepdefinitions.LoginStepDefinitions.iClearTheNameInput()&amp#27;[0m
2024-08-18 17:18:24 INFO  LoginStepDefinitions:43 - Clearing input 'Password'
  &amp#27;[32mAnd &amp#27;[0m&amp#27;[32mI clear the Password input&amp#27;[0m                              &amp#27;[90m# stepdefinitions.LoginStepDefinitions.iClearThePasswordInput()&amp#27;[0m
2024-08-18 17:18:24 INFO  LoginStepDefinitions:27 - Pressing button 'Login'
  &amp#27;[32mAnd &amp#27;[0m&amp#27;[32mI hit the 'Login' button&amp#27;[0m                                &amp#27;[90m# stepdefinitions.LoginStepDefinitions.iHitTheButton()&amp#27;[0m
2024-08-18 17:18:24 INFO  LoginStepDefinitions:33 - Checking that error message is the same as 'Username is required'
  &amp#27;[31mThen &amp#27;[0m&amp#27;[31mI should see an error message &amp#27;[0m&amp#27;[31m&amp#27;[1m'Username is required'&amp#27;[0m   &amp#27;[90m# stepdefinitions.LoginStepDefinitions.iShouldSeeAnErrorMessage(java.lang.String)&amp#27;[0m
      &amp#27;[31mjava.util.UnknownFormatConversionException: Conversion = '''
	at java.base/java.util.Formatter.parse(Formatter.java:2750)
	at java.base/java.util.Formatter.format(Formatter.java:2671)
	at java.base/java.util.Formatter.format(Formatter.java:2625)
	at java.base/java.lang.String.format(String.java:4143)
	at org.assertj.core.util.Strings.formatIfArgs(Strings.java:86)
	at org.assertj.core.description.TextDescription.value(TextDescription.java:51)
	at org.assertj.core.error.DescriptionFormatter.format(DescriptionFormatter.java:47)
	at org.assertj.core.error.MessageFormatter.format(MessageFormatter.java:61)
	at org.assertj.core.error.ShouldBeEqual.smartErrorMessage(ShouldBeEqual.java:169)
	at org.assertj.core.error.ShouldBeEqual.newAssertionError(ShouldBeEqual.java:117)
	at org.assertj.core.internal.Failures.failure(Failures.java:105)
	at org.assertj.core.internal.Objects.assertEqual(Objects.java:220)
	at org.assertj.core.api.AbstractAssert.isEqualTo(AbstractAssert.java:369)
	at org.assertj.core.api.AbstractStringAssert.isEqualTo(AbstractStringAssert.java:416)
	at stepdefinitions.LoginStepDefinitions.iShouldSeeAnErrorMessage(LoginStepDefinitions.java:38)
	at вњЅ.I should see an error message 'Username is required'(file:///E:/sam/finalTask/src/test/resources/features/first.feature:10)
&amp#27;[0m
2024-08-18 17:18:24 INFO  Hooks:29 - Screenshot taken for failed scenario: UC-1_Test_Login_Form_with_Empty_Credentials
]]></system-out>
    <system-err><![CDATA[Aug 18, 2024 5:18:22 PM org.openqa.selenium.devtools.CdpVersionFinder findNearestMatch
WARNING: Unable to find CDP implementation matching 127
Aug 18, 2024 5:18:22 PM org.openqa.selenium.chromium.ChromiumDriver lambda$new$5
WARNING: Unable to find version of CDP to use for 127.0.6533.120. You may need to include a dependency on a specific version of the CDP using something similar to `org.seleniumhq.selenium:selenium-devtools-v86:4.13.0` where the version ("v86") matches the version of the chromium-based browser you're using and the version number of the artifact is the same as Selenium's.
]]></system-err>
  </testcase>
  <testcase name="runScenario[&quot;UC-1 Test Login Form with Empty Credentials&quot;, &quot;Login Form Validation&quot;](2)" classname="testRunner.TestRunner" time="0.512">
    <failure message="Conversion = &apos;&apos;&apos;" type="java.util.UnknownFormatConversionException"><![CDATA[java.util.UnknownFormatConversionException: Conversion = '''
	at java.base/java.util.Formatter.parse(Formatter.java:2750)
	at java.base/java.util.Formatter.format(Formatter.java:2671)
	at java.base/java.util.Formatter.format(Formatter.java:2625)
	at java.base/java.lang.String.format(String.java:4143)
	at org.assertj.core.util.Strings.formatIfArgs(Strings.java:86)
	at org.assertj.core.description.TextDescription.value(TextDescription.java:51)
	at org.assertj.core.error.DescriptionFormatter.format(DescriptionFormatter.java:47)
	at org.assertj.core.error.MessageFormatter.format(MessageFormatter.java:61)
	at org.assertj.core.error.ShouldBeEqual.smartErrorMessage(ShouldBeEqual.java:169)
	at org.assertj.core.error.ShouldBeEqual.newAssertionError(ShouldBeEqual.java:117)
	at org.assertj.core.internal.Failures.failure(Failures.java:105)
	at org.assertj.core.internal.Objects.assertEqual(Objects.java:220)
	at org.assertj.core.api.AbstractAssert.isEqualTo(AbstractAssert.java:369)
	at org.assertj.core.api.AbstractStringAssert.isEqualTo(AbstractStringAssert.java:416)
	at stepdefinitions.LoginStepDefinitions.iShouldSeeAnErrorMessage(LoginStepDefinitions.java:38)
	at ✽.I should see an error message 'Username is required'(file:///E:/sam/finalTask/src/test/resources/features/first.feature:10)
]]></failure>
    <system-out><![CDATA[
Scenario Outline: UC-1 Test Login Form with Empty Credentials &amp#27;[90m# src/test/resources/features/first.feature:15&amp#27;[0m
2024-08-18 17:18:24 INFO  LoginStepDefinitions:21 - Opening home page
  &amp#27;[32mGiven &amp#27;[0m&amp#27;[32mI am on the login page&amp#27;[0m                                &amp#27;[90m# stepdefinitions.LoginStepDefinitions.iAmOnTheLoginPage()&amp#27;[0m
2024-08-18 17:18:24 INFO  LoginStepDefinitions:58 - Filling input 'Name'
  &amp#27;[32mWhen &amp#27;[0m&amp#27;[32mI enter the user name &amp#27;[0m&amp#27;[32m&amp#27;[1m'locked_out_user1'&amp#27;[0m&amp#27;[32m field&amp#27;[0m         &amp#27;[90m# stepdefinitions.LoginStepDefinitions.iEnterTheUsernameField(java.lang.String)&amp#27;[0m
2024-08-18 17:18:24 INFO  LoginStepDefinitions:64 - Filling input 'Password'
  &amp#27;[32mAnd &amp#27;[0m&amp#27;[32mI enter the password &amp#27;[0m&amp#27;[32m&amp#27;[1m'secret_sauce'&amp#27;[0m                     &amp#27;[90m# stepdefinitions.LoginStepDefinitions.iEnterPassword(java.lang.String)&amp#27;[0m
2024-08-18 17:18:24 INFO  LoginStepDefinitions:70 - Clearing input 'Name'
  &amp#27;[32mAnd &amp#27;[0m&amp#27;[32mI clear the Name input&amp#27;[0m                                  &amp#27;[90m# stepdefinitions.LoginStepDefinitions.iClearTheNameInput()&amp#27;[0m
2024-08-18 17:18:24 INFO  LoginStepDefinitions:43 - Clearing input 'Password'
  &amp#27;[32mAnd &amp#27;[0m&amp#27;[32mI clear the Password input&amp#27;[0m                              &amp#27;[90m# stepdefinitions.LoginStepDefinitions.iClearThePasswordInput()&amp#27;[0m
2024-08-18 17:18:25 INFO  LoginStepDefinitions:27 - Pressing button 'Login'
  &amp#27;[32mAnd &amp#27;[0m&amp#27;[32mI hit the 'Login' button&amp#27;[0m                                &amp#27;[90m# stepdefinitions.LoginStepDefinitions.iHitTheButton()&amp#27;[0m
2024-08-18 17:18:25 INFO  LoginStepDefinitions:33 - Checking that error message is the same as 'Username is required'
  &amp#27;[31mThen &amp#27;[0m&amp#27;[31mI should see an error message &amp#27;[0m&amp#27;[31m&amp#27;[1m'Username is required'&amp#27;[0m   &amp#27;[90m# stepdefinitions.LoginStepDefinitions.iShouldSeeAnErrorMessage(java.lang.String)&amp#27;[0m
      &amp#27;[31mjava.util.UnknownFormatConversionException: Conversion = '''
	at java.base/java.util.Formatter.parse(Formatter.java:2750)
	at java.base/java.util.Formatter.format(Formatter.java:2671)
	at java.base/java.util.Formatter.format(Formatter.java:2625)
	at java.base/java.lang.String.format(String.java:4143)
	at org.assertj.core.util.Strings.formatIfArgs(Strings.java:86)
	at org.assertj.core.description.TextDescription.value(TextDescription.java:51)
	at org.assertj.core.error.DescriptionFormatter.format(DescriptionFormatter.java:47)
	at org.assertj.core.error.MessageFormatter.format(MessageFormatter.java:61)
	at org.assertj.core.error.ShouldBeEqual.smartErrorMessage(ShouldBeEqual.java:169)
	at org.assertj.core.error.ShouldBeEqual.newAssertionError(ShouldBeEqual.java:117)
	at org.assertj.core.internal.Failures.failure(Failures.java:105)
	at org.assertj.core.internal.Objects.assertEqual(Objects.java:220)
	at org.assertj.core.api.AbstractAssert.isEqualTo(AbstractAssert.java:369)
	at org.assertj.core.api.AbstractStringAssert.isEqualTo(AbstractStringAssert.java:416)
	at stepdefinitions.LoginStepDefinitions.iShouldSeeAnErrorMessage(LoginStepDefinitions.java:38)
	at вњЅ.I should see an error message 'Username is required'(file:///E:/sam/finalTask/src/test/resources/features/first.feature:10)
&amp#27;[0m
2024-08-18 17:18:25 INFO  Hooks:29 - Screenshot taken for failed scenario: UC-1_Test_Login_Form_with_Empty_Credentials
]]></system-out>
  </testcase>
  <testcase name="runScenario[&quot;UC-2 Test Login Form with credentials by passing Username&quot;, &quot;Login Form Validation&quot;](3)" classname="testRunner.TestRunner" time="0.38">
    <failure message="Conversion = &apos;&apos;&apos;" type="java.util.UnknownFormatConversionException"><![CDATA[java.util.UnknownFormatConversionException: Conversion = '''
	at java.base/java.util.Formatter.parse(Formatter.java:2750)
	at java.base/java.util.Formatter.format(Formatter.java:2671)
	at java.base/java.util.Formatter.format(Formatter.java:2625)
	at java.base/java.lang.String.format(String.java:4143)
	at org.assertj.core.util.Strings.formatIfArgs(Strings.java:86)
	at org.assertj.core.description.TextDescription.value(TextDescription.java:51)
	at org.assertj.core.error.DescriptionFormatter.format(DescriptionFormatter.java:47)
	at org.assertj.core.error.MessageFormatter.format(MessageFormatter.java:61)
	at org.assertj.core.error.ShouldBeEqual.smartErrorMessage(ShouldBeEqual.java:169)
	at org.assertj.core.error.ShouldBeEqual.newAssertionError(ShouldBeEqual.java:117)
	at org.assertj.core.internal.Failures.failure(Failures.java:105)
	at org.assertj.core.internal.Objects.assertEqual(Objects.java:220)
	at org.assertj.core.api.AbstractAssert.isEqualTo(AbstractAssert.java:369)
	at org.assertj.core.api.AbstractStringAssert.isEqualTo(AbstractStringAssert.java:416)
	at stepdefinitions.LoginStepDefinitions.iShouldSeeAnErrorMessage(LoginStepDefinitions.java:38)
	at ✽.I should see an error message 'Password is required'(file:///E:/sam/finalTask/src/test/resources/features/first.feature:23)
]]></failure>
    <system-out><![CDATA[
Scenario Outline: UC-2 Test Login Form with credentials by passing Username &amp#27;[90m# src/test/resources/features/first.feature:27&amp#27;[0m
2024-08-18 17:18:25 INFO  LoginStepDefinitions:21 - Opening home page
  &amp#27;[32mGiven &amp#27;[0m&amp#27;[32mI am on the login page&amp#27;[0m                                              &amp#27;[90m# stepdefinitions.LoginStepDefinitions.iAmOnTheLoginPage()&amp#27;[0m
2024-08-18 17:18:25 INFO  LoginStepDefinitions:58 - Filling input 'Name'
  &amp#27;[32mWhen &amp#27;[0m&amp#27;[32mI enter the user name &amp#27;[0m&amp#27;[32m&amp#27;[1m'error_user'&amp#27;[0m&amp#27;[32m field&amp#27;[0m                             &amp#27;[90m# stepdefinitions.LoginStepDefinitions.iEnterTheUsernameField(java.lang.String)&amp#27;[0m
2024-08-18 17:18:25 INFO  LoginStepDefinitions:64 - Filling input 'Password'
  &amp#27;[32mAnd &amp#27;[0m&amp#27;[32mI enter the password &amp#27;[0m&amp#27;[32m&amp#27;[1m'secret_sauce'&amp#27;[0m                                   &amp#27;[90m# stepdefinitions.LoginStepDefinitions.iEnterPassword(java.lang.String)&amp#27;[0m
2024-08-18 17:18:25 INFO  LoginStepDefinitions:43 - Clearing input 'Password'
  &amp#27;[32mAnd &amp#27;[0m&amp#27;[32mI clear the Password input&amp#27;[0m                                            &amp#27;[90m# stepdefinitions.LoginStepDefinitions.iClearThePasswordInput()&amp#27;[0m
2024-08-18 17:18:25 INFO  LoginStepDefinitions:27 - Pressing button 'Login'
  &amp#27;[32mAnd &amp#27;[0m&amp#27;[32mI hit the 'Login' button&amp#27;[0m                                              &amp#27;[90m# stepdefinitions.LoginStepDefinitions.iHitTheButton()&amp#27;[0m
2024-08-18 17:18:25 INFO  LoginStepDefinitions:33 - Checking that error message is the same as 'Password is required'
  &amp#27;[31mThen &amp#27;[0m&amp#27;[31mI should see an error message &amp#27;[0m&amp#27;[31m&amp#27;[1m'Password is required'&amp#27;[0m                 &amp#27;[90m# stepdefinitions.LoginStepDefinitions.iShouldSeeAnErrorMessage(java.lang.String)&amp#27;[0m
      &amp#27;[31mjava.util.UnknownFormatConversionException: Conversion = '''
	at java.base/java.util.Formatter.parse(Formatter.java:2750)
	at java.base/java.util.Formatter.format(Formatter.java:2671)
	at java.base/java.util.Formatter.format(Formatter.java:2625)
	at java.base/java.lang.String.format(String.java:4143)
	at org.assertj.core.util.Strings.formatIfArgs(Strings.java:86)
	at org.assertj.core.description.TextDescription.value(TextDescription.java:51)
	at org.assertj.core.error.DescriptionFormatter.format(DescriptionFormatter.java:47)
	at org.assertj.core.error.MessageFormatter.format(MessageFormatter.java:61)
	at org.assertj.core.error.ShouldBeEqual.smartErrorMessage(ShouldBeEqual.java:169)
	at org.assertj.core.error.ShouldBeEqual.newAssertionError(ShouldBeEqual.java:117)
	at org.assertj.core.internal.Failures.failure(Failures.java:105)
	at org.assertj.core.internal.Objects.assertEqual(Objects.java:220)
	at org.assertj.core.api.AbstractAssert.isEqualTo(AbstractAssert.java:369)
	at org.assertj.core.api.AbstractStringAssert.isEqualTo(AbstractStringAssert.java:416)
	at stepdefinitions.LoginStepDefinitions.iShouldSeeAnErrorMessage(LoginStepDefinitions.java:38)
	at вњЅ.I should see an error message 'Password is required'(file:///E:/sam/finalTask/src/test/resources/features/first.feature:23)
&amp#27;[0m
2024-08-18 17:18:25 INFO  Hooks:29 - Screenshot taken for failed scenario: UC-2_Test_Login_Form_with_credentials_by_passing_Username
]]></system-out>
  </testcase>
  <testcase name="runScenario[&quot;UC-2 Test Login Form with credentials by passing Username&quot;, &quot;Login Form Validation&quot;](4)" classname="testRunner.TestRunner" time="0.356">
    <failure message="Conversion = &apos;&apos;&apos;" type="java.util.UnknownFormatConversionException"><![CDATA[java.util.UnknownFormatConversionException: Conversion = '''
	at java.base/java.util.Formatter.parse(Formatter.java:2750)
	at java.base/java.util.Formatter.format(Formatter.java:2671)
	at java.base/java.util.Formatter.format(Formatter.java:2625)
	at java.base/java.lang.String.format(String.java:4143)
	at org.assertj.core.util.Strings.formatIfArgs(Strings.java:86)
	at org.assertj.core.description.TextDescription.value(TextDescription.java:51)
	at org.assertj.core.error.DescriptionFormatter.format(DescriptionFormatter.java:47)
	at org.assertj.core.error.MessageFormatter.format(MessageFormatter.java:61)
	at org.assertj.core.error.ShouldBeEqual.smartErrorMessage(ShouldBeEqual.java:169)
	at org.assertj.core.error.ShouldBeEqual.newAssertionError(ShouldBeEqual.java:117)
	at org.assertj.core.internal.Failures.failure(Failures.java:105)
	at org.assertj.core.internal.Objects.assertEqual(Objects.java:220)
	at org.assertj.core.api.AbstractAssert.isEqualTo(AbstractAssert.java:369)
	at org.assertj.core.api.AbstractStringAssert.isEqualTo(AbstractStringAssert.java:416)
	at stepdefinitions.LoginStepDefinitions.iShouldSeeAnErrorMessage(LoginStepDefinitions.java:38)
	at ✽.I should see an error message 'Password is required'(file:///E:/sam/finalTask/src/test/resources/features/first.feature:23)
]]></failure>
    <system-out><![CDATA[
Scenario Outline: UC-2 Test Login Form with credentials by passing Username &amp#27;[90m# src/test/resources/features/first.feature:28&amp#27;[0m
2024-08-18 17:18:25 INFO  LoginStepDefinitions:21 - Opening home page
  &amp#27;[32mGiven &amp#27;[0m&amp#27;[32mI am on the login page&amp#27;[0m                                              &amp#27;[90m# stepdefinitions.LoginStepDefinitions.iAmOnTheLoginPage()&amp#27;[0m
2024-08-18 17:18:25 INFO  LoginStepDefinitions:58 - Filling input 'Name'
  &amp#27;[32mWhen &amp#27;[0m&amp#27;[32mI enter the user name &amp#27;[0m&amp#27;[32m&amp#27;[1m'visual_user'&amp#27;[0m&amp#27;[32m field&amp#27;[0m                            &amp#27;[90m# stepdefinitions.LoginStepDefinitions.iEnterTheUsernameField(java.lang.String)&amp#27;[0m
2024-08-18 17:18:25 INFO  LoginStepDefinitions:64 - Filling input 'Password'
  &amp#27;[32mAnd &amp#27;[0m&amp#27;[32mI enter the password &amp#27;[0m&amp#27;[32m&amp#27;[1m's'&amp#27;[0m                                              &amp#27;[90m# stepdefinitions.LoginStepDefinitions.iEnterPassword(java.lang.String)&amp#27;[0m
2024-08-18 17:18:25 INFO  LoginStepDefinitions:43 - Clearing input 'Password'
  &amp#27;[32mAnd &amp#27;[0m&amp#27;[32mI clear the Password input&amp#27;[0m                                            &amp#27;[90m# stepdefinitions.LoginStepDefinitions.iClearThePasswordInput()&amp#27;[0m
2024-08-18 17:18:25 INFO  LoginStepDefinitions:27 - Pressing button 'Login'
  &amp#27;[32mAnd &amp#27;[0m&amp#27;[32mI hit the 'Login' button&amp#27;[0m                                              &amp#27;[90m# stepdefinitions.LoginStepDefinitions.iHitTheButton()&amp#27;[0m
2024-08-18 17:18:25 INFO  LoginStepDefinitions:33 - Checking that error message is the same as 'Password is required'
  &amp#27;[31mThen &amp#27;[0m&amp#27;[31mI should see an error message &amp#27;[0m&amp#27;[31m&amp#27;[1m'Password is required'&amp#27;[0m                 &amp#27;[90m# stepdefinitions.LoginStepDefinitions.iShouldSeeAnErrorMessage(java.lang.String)&amp#27;[0m
      &amp#27;[31mjava.util.UnknownFormatConversionException: Conversion = '''
	at java.base/java.util.Formatter.parse(Formatter.java:2750)
	at java.base/java.util.Formatter.format(Formatter.java:2671)
	at java.base/java.util.Formatter.format(Formatter.java:2625)
	at java.base/java.lang.String.format(String.java:4143)
	at org.assertj.core.util.Strings.formatIfArgs(Strings.java:86)
	at org.assertj.core.description.TextDescription.value(TextDescription.java:51)
	at org.assertj.core.error.DescriptionFormatter.format(DescriptionFormatter.java:47)
	at org.assertj.core.error.MessageFormatter.format(MessageFormatter.java:61)
	at org.assertj.core.error.ShouldBeEqual.smartErrorMessage(ShouldBeEqual.java:169)
	at org.assertj.core.error.ShouldBeEqual.newAssertionError(ShouldBeEqual.java:117)
	at org.assertj.core.internal.Failures.failure(Failures.java:105)
	at org.assertj.core.internal.Objects.assertEqual(Objects.java:220)
	at org.assertj.core.api.AbstractAssert.isEqualTo(AbstractAssert.java:369)
	at org.assertj.core.api.AbstractStringAssert.isEqualTo(AbstractStringAssert.java:416)
	at stepdefinitions.LoginStepDefinitions.iShouldSeeAnErrorMessage(LoginStepDefinitions.java:38)
	at вњЅ.I should see an error message 'Password is required'(file:///E:/sam/finalTask/src/test/resources/features/first.feature:23)
&amp#27;[0m
2024-08-18 17:18:25 INFO  Hooks:29 - Screenshot taken for failed scenario: UC-2_Test_Login_Form_with_credentials_by_passing_Username
]]></system-out>
  </testcase>
  <testcase name="runScenario[&quot;UC-3: Test Login Form with Credentials by Passing Username &amp; Password&quot;, &quot;Login Form Validation&quot;](5)" classname="testRunner.TestRunner" time="0.231">
    <system-out><![CDATA[
Scenario Outline: UC-3: Test Login Form with Credentials by Passing Username & Password &amp#27;[90m# src/test/resources/features/first.feature:39&amp#27;[0m
2024-08-18 17:18:25 INFO  LoginStepDefinitions:21 - Opening home page
  &amp#27;[32mGiven &amp#27;[0m&amp#27;[32mI am on the login page&amp#27;[0m                                                          &amp#27;[90m# stepdefinitions.LoginStepDefinitions.iAmOnTheLoginPage()&amp#27;[0m
2024-08-18 17:18:26 INFO  LoginStepDefinitions:58 - Filling input 'Name'
  &amp#27;[32mWhen &amp#27;[0m&amp#27;[32mI enter the user name &amp#27;[0m&amp#27;[32m&amp#27;[1m'standard_user'&amp#27;[0m&amp#27;[32m field&amp#27;[0m                                      &amp#27;[90m# stepdefinitions.LoginStepDefinitions.iEnterTheUsernameField(java.lang.String)&amp#27;[0m
2024-08-18 17:18:26 INFO  LoginStepDefinitions:64 - Filling input 'Password'
  &amp#27;[32mAnd &amp#27;[0m&amp#27;[32mI enter the password &amp#27;[0m&amp#27;[32m&amp#27;[1m'secret_sauce'&amp#27;[0m                                               &amp#27;[90m# stepdefinitions.LoginStepDefinitions.iEnterPassword(java.lang.String)&amp#27;[0m
2024-08-18 17:18:26 INFO  LoginStepDefinitions:27 - Pressing button 'Login'
  &amp#27;[32mAnd &amp#27;[0m&amp#27;[32mI hit the 'Login' button&amp#27;[0m                                                          &amp#27;[90m# stepdefinitions.LoginStepDefinitions.iHitTheButton()&amp#27;[0m
2024-08-18 17:18:26 INFO  LoginStepDefinitions:49 - Checking that title is the same as 'Swag Labs'
  &amp#27;[32mThen &amp#27;[0m&amp#27;[32mI should see the title &amp#27;[0m&amp#27;[32m&amp#27;[1m'Swag Labs'&amp#27;[0m&amp#27;[32m on the dashboard&amp#27;[0m                              &amp#27;[90m# stepdefinitions.LoginStepDefinitions.iShouldSeeTheTitleSwagLabsOnTheDashboard(java.lang.String)&amp#27;[0m
]]></system-out>
  </testcase>
  <testcase name="runScenario[&quot;UC-3: Test Login Form with Credentials by Passing Username &amp; Password&quot;, &quot;Login Form Validation&quot;](6)" classname="testRunner.TestRunner" time="5.226">
    <system-out><![CDATA[
Scenario Outline: UC-3: Test Login Form with Credentials by Passing Username & Password &amp#27;[90m# src/test/resources/features/first.feature:40&amp#27;[0m
2024-08-18 17:18:26 INFO  LoginStepDefinitions:21 - Opening home page
  &amp#27;[32mGiven &amp#27;[0m&amp#27;[32mI am on the login page&amp#27;[0m                                                          &amp#27;[90m# stepdefinitions.LoginStepDefinitions.iAmOnTheLoginPage()&amp#27;[0m
2024-08-18 17:18:26 INFO  LoginStepDefinitions:58 - Filling input 'Name'
  &amp#27;[32mWhen &amp#27;[0m&amp#27;[32mI enter the user name &amp#27;[0m&amp#27;[32m&amp#27;[1m'performance_glitch_user'&amp#27;[0m&amp#27;[32m field&amp#27;[0m                            &amp#27;[90m# stepdefinitions.LoginStepDefinitions.iEnterTheUsernameField(java.lang.String)&amp#27;[0m
2024-08-18 17:18:26 INFO  LoginStepDefinitions:64 - Filling input 'Password'
  &amp#27;[32mAnd &amp#27;[0m&amp#27;[32mI enter the password &amp#27;[0m&amp#27;[32m&amp#27;[1m'secret_sauce'&amp#27;[0m                                               &amp#27;[90m# stepdefinitions.LoginStepDefinitions.iEnterPassword(java.lang.String)&amp#27;[0m
2024-08-18 17:18:26 INFO  LoginStepDefinitions:27 - Pressing button 'Login'
  &amp#27;[32mAnd &amp#27;[0m&amp#27;[32mI hit the 'Login' button&amp#27;[0m                                                          &amp#27;[90m# stepdefinitions.LoginStepDefinitions.iHitTheButton()&amp#27;[0m
2024-08-18 17:18:31 INFO  LoginStepDefinitions:49 - Checking that title is the same as 'Swag Labs'
  &amp#27;[32mThen &amp#27;[0m&amp#27;[32mI should see the title &amp#27;[0m&amp#27;[32m&amp#27;[1m'Swag Labs'&amp#27;[0m&amp#27;[32m on the dashboard&amp#27;[0m                              &amp#27;[90m# stepdefinitions.LoginStepDefinitions.iShouldSeeTheTitleSwagLabsOnTheDashboard(java.lang.String)&amp#27;[0m
]]></system-out>
  </testcase>
  <testcase name="runScenario[&quot;UC-3: Test Login Form with Credentials by Passing Username &amp; Password&quot;, &quot;Login Form Validation&quot;](7)" classname="testRunner.TestRunner" time="0.197">
    <system-out><![CDATA[
Scenario Outline: UC-3: Test Login Form with Credentials by Passing Username & Password &amp#27;[90m# src/test/resources/features/first.feature:41&amp#27;[0m
2024-08-18 17:18:31 INFO  LoginStepDefinitions:21 - Opening home page
  &amp#27;[32mGiven &amp#27;[0m&amp#27;[32mI am on the login page&amp#27;[0m                                                          &amp#27;[90m# stepdefinitions.LoginStepDefinitions.iAmOnTheLoginPage()&amp#27;[0m
2024-08-18 17:18:31 INFO  LoginStepDefinitions:58 - Filling input 'Name'
  &amp#27;[32mWhen &amp#27;[0m&amp#27;[32mI enter the user name &amp#27;[0m&amp#27;[32m&amp#27;[1m'error_user'&amp#27;[0m&amp#27;[32m field&amp#27;[0m                                         &amp#27;[90m# stepdefinitions.LoginStepDefinitions.iEnterTheUsernameField(java.lang.String)&amp#27;[0m
2024-08-18 17:18:31 INFO  LoginStepDefinitions:64 - Filling input 'Password'
  &amp#27;[32mAnd &amp#27;[0m&amp#27;[32mI enter the password &amp#27;[0m&amp#27;[32m&amp#27;[1m'secret_sauce'&amp#27;[0m                                               &amp#27;[90m# stepdefinitions.LoginStepDefinitions.iEnterPassword(java.lang.String)&amp#27;[0m
2024-08-18 17:18:31 INFO  LoginStepDefinitions:27 - Pressing button 'Login'
  &amp#27;[32mAnd &amp#27;[0m&amp#27;[32mI hit the 'Login' button&amp#27;[0m                                                          &amp#27;[90m# stepdefinitions.LoginStepDefinitions.iHitTheButton()&amp#27;[0m
2024-08-18 17:18:31 INFO  LoginStepDefinitions:49 - Checking that title is the same as 'Swag Labs'
  &amp#27;[32mThen &amp#27;[0m&amp#27;[32mI should see the title &amp#27;[0m&amp#27;[32m&amp#27;[1m'Swag Labs'&amp#27;[0m&amp#27;[32m on the dashboard&amp#27;[0m                              &amp#27;[90m# stepdefinitions.LoginStepDefinitions.iShouldSeeTheTitleSwagLabsOnTheDashboard(java.lang.String)&amp#27;[0m
]]></system-out>
  </testcase>
  <testcase name="runScenario[&quot;UC-3: Test Login Form with Credentials by Passing Username &amp; Password&quot;, &quot;Login Form Validation&quot;](8)" classname="testRunner.TestRunner" time="0.189">
    <system-out><![CDATA[
Scenario Outline: UC-3: Test Login Form with Credentials by Passing Username & Password &amp#27;[90m# src/test/resources/features/first.feature:42&amp#27;[0m
2024-08-18 17:18:31 INFO  LoginStepDefinitions:21 - Opening home page
  &amp#27;[32mGiven &amp#27;[0m&amp#27;[32mI am on the login page&amp#27;[0m                                                          &amp#27;[90m# stepdefinitions.LoginStepDefinitions.iAmOnTheLoginPage()&amp#27;[0m
2024-08-18 17:18:31 INFO  LoginStepDefinitions:58 - Filling input 'Name'
  &amp#27;[32mWhen &amp#27;[0m&amp#27;[32mI enter the user name &amp#27;[0m&amp#27;[32m&amp#27;[1m'visual_user'&amp#27;[0m&amp#27;[32m field&amp#27;[0m                                        &amp#27;[90m# stepdefinitions.LoginStepDefinitions.iEnterTheUsernameField(java.lang.String)&amp#27;[0m
2024-08-18 17:18:31 INFO  LoginStepDefinitions:64 - Filling input 'Password'
  &amp#27;[32mAnd &amp#27;[0m&amp#27;[32mI enter the password &amp#27;[0m&amp#27;[32m&amp#27;[1m'secret_sauce'&amp#27;[0m                                               &amp#27;[90m# stepdefinitions.LoginStepDefinitions.iEnterPassword(java.lang.String)&amp#27;[0m
2024-08-18 17:18:31 INFO  LoginStepDefinitions:27 - Pressing button 'Login'
  &amp#27;[32mAnd &amp#27;[0m&amp#27;[32mI hit the 'Login' button&amp#27;[0m                                                          &amp#27;[90m# stepdefinitions.LoginStepDefinitions.iHitTheButton()&amp#27;[0m
2024-08-18 17:18:31 INFO  LoginStepDefinitions:49 - Checking that title is the same as 'Swag Labs'
  &amp#27;[32mThen &amp#27;[0m&amp#27;[32mI should see the title &amp#27;[0m&amp#27;[32m&amp#27;[1m'Swag Labs'&amp#27;[0m&amp#27;[32m on the dashboard&amp#27;[0m                              &amp#27;[90m# stepdefinitions.LoginStepDefinitions.iShouldSeeTheTitleSwagLabsOnTheDashboard(java.lang.String)&amp#27;[0m
]]></system-out>
  </testcase>
</testsuite>