-------------------------------------------------------------------------------
Test set: TestSuite
-------------------------------------------------------------------------------
Tests run: 8, Failures: 4, Errors: 0, Skipped: 0, Time elapsed: 13.269 s <<< FAILURE! - in TestSuite
testRunner.TestRunner.runScenario["UC-1 Test Login Form with Empty Credentials", "Login Form Validation"](1)  Time elapsed: 1.619 s  <<< FAILURE!
java.util.UnknownFormatConversionException: Conversion = '''
	at java.base/java.util.Formatter.parse(Formatter.java:2750)
	at java.base/java.util.Formatter.format(Formatter.java:2671)
	at java.base/java.util.Formatter.format(Formatter.java:2625)
	at java.base/java.lang.String.format(String.java:4143)
	at org.assertj.core.util.Strings.formatIfArgs(Strings.java:86)
	at org.assertj.core.description.TextDescription.value(TextDescription.java:51)
	at org.assertj.core.error.DescriptionFormatter.format(DescriptionFormatter.java:47)
	at org.assertj.core.error.MessageFormatter.format(MessageFormatter.java:61)
	at org.assertj.core.error.ShouldBeEqual.smartErrorMessage(ShouldBeEqual.java:169)
	at org.assertj.core.error.ShouldBeEqual.newAssertionError(ShouldBeEqual.java:117)
	at org.assertj.core.internal.Failures.failure(Failures.java:105)
	at org.assertj.core.internal.Objects.assertEqual(Objects.java:220)
	at org.assertj.core.api.AbstractAssert.isEqualTo(AbstractAssert.java:369)
	at org.assertj.core.api.AbstractStringAssert.isEqualTo(AbstractStringAssert.java:416)
	at stepdefinitions.LoginStepDefinitions.iShouldSeeAnErrorMessage(LoginStepDefinitions.java:38)
	at ✽.I should see an error message 'Username is required'(file:///E:/sam/finalTask/src/test/resources/features/first.feature:10)

testRunner.TestRunner.runScenario["UC-1 Test Login Form with Empty Credentials", "Login Form Validation"](2)  Time elapsed: 0.512 s  <<< FAILURE!
java.util.UnknownFormatConversionException: Conversion = '''
	at java.base/java.util.Formatter.parse(Formatter.java:2750)
	at java.base/java.util.Formatter.format(Formatter.java:2671)
	at java.base/java.util.Formatter.format(Formatter.java:2625)
	at java.base/java.lang.String.format(String.java:4143)
	at org.assertj.core.util.Strings.formatIfArgs(Strings.java:86)
	at org.assertj.core.description.TextDescription.value(TextDescription.java:51)
	at org.assertj.core.error.DescriptionFormatter.format(DescriptionFormatter.java:47)
	at org.assertj.core.error.MessageFormatter.format(MessageFormatter.java:61)
	at org.assertj.core.error.ShouldBeEqual.smartErrorMessage(ShouldBeEqual.java:169)
	at org.assertj.core.error.ShouldBeEqual.newAssertionError(ShouldBeEqual.java:117)
	at org.assertj.core.internal.Failures.failure(Failures.java:105)
	at org.assertj.core.internal.Objects.assertEqual(Objects.java:220)
	at org.assertj.core.api.AbstractAssert.isEqualTo(AbstractAssert.java:369)
	at org.assertj.core.api.AbstractStringAssert.isEqualTo(AbstractStringAssert.java:416)
	at stepdefinitions.LoginStepDefinitions.iShouldSeeAnErrorMessage(LoginStepDefinitions.java:38)
	at ✽.I should see an error message 'Username is required'(file:///E:/sam/finalTask/src/test/resources/features/first.feature:10)

testRunner.TestRunner.runScenario["UC-2 Test Login Form with credentials by passing Username", "Login Form Validation"](3)  Time elapsed: 0.38 s  <<< FAILURE!
java.util.UnknownFormatConversionException: Conversion = '''
	at java.base/java.util.Formatter.parse(Formatter.java:2750)
	at java.base/java.util.Formatter.format(Formatter.java:2671)
	at java.base/java.util.Formatter.format(Formatter.java:2625)
	at java.base/java.lang.String.format(String.java:4143)
	at org.assertj.core.util.Strings.formatIfArgs(Strings.java:86)
	at org.assertj.core.description.TextDescription.value(TextDescription.java:51)
	at org.assertj.core.error.DescriptionFormatter.format(DescriptionFormatter.java:47)
	at org.assertj.core.error.MessageFormatter.format(MessageFormatter.java:61)
	at org.assertj.core.error.ShouldBeEqual.smartErrorMessage(ShouldBeEqual.java:169)
	at org.assertj.core.error.ShouldBeEqual.newAssertionError(ShouldBeEqual.java:117)
	at org.assertj.core.internal.Failures.failure(Failures.java:105)
	at org.assertj.core.internal.Objects.assertEqual(Objects.java:220)
	at org.assertj.core.api.AbstractAssert.isEqualTo(AbstractAssert.java:369)
	at org.assertj.core.api.AbstractStringAssert.isEqualTo(AbstractStringAssert.java:416)
	at stepdefinitions.LoginStepDefinitions.iShouldSeeAnErrorMessage(LoginStepDefinitions.java:38)
	at ✽.I should see an error message 'Password is required'(file:///E:/sam/finalTask/src/test/resources/features/first.feature:23)

testRunner.TestRunner.runScenario["UC-2 Test Login Form with credentials by passing Username", "Login Form Validation"](4)  Time elapsed: 0.356 s  <<< FAILURE!
java.util.UnknownFormatConversionException: Conversion = '''
	at java.base/java.util.Formatter.parse(Formatter.java:2750)
	at java.base/java.util.Formatter.format(Formatter.java:2671)
	at java.base/java.util.Formatter.format(Formatter.java:2625)
	at java.base/java.lang.String.format(String.java:4143)
	at org.assertj.core.util.Strings.formatIfArgs(Strings.java:86)
	at org.assertj.core.description.TextDescription.value(TextDescription.java:51)
	at org.assertj.core.error.DescriptionFormatter.format(DescriptionFormatter.java:47)
	at org.assertj.core.error.MessageFormatter.format(MessageFormatter.java:61)
	at org.assertj.core.error.ShouldBeEqual.smartErrorMessage(ShouldBeEqual.java:169)
	at org.assertj.core.error.ShouldBeEqual.newAssertionError(ShouldBeEqual.java:117)
	at org.assertj.core.internal.Failures.failure(Failures.java:105)
	at org.assertj.core.internal.Objects.assertEqual(Objects.java:220)
	at org.assertj.core.api.AbstractAssert.isEqualTo(AbstractAssert.java:369)
	at org.assertj.core.api.AbstractStringAssert.isEqualTo(AbstractStringAssert.java:416)
	at stepdefinitions.LoginStepDefinitions.iShouldSeeAnErrorMessage(LoginStepDefinitions.java:38)
	at ✽.I should see an error message 'Password is required'(file:///E:/sam/finalTask/src/test/resources/features/first.feature:23)

